<?xml version="1.0" encoding="UTF-8"?>
<!-- Generated by org.testng.reporters.JUnitReportReporter -->
<testsuite skipped="1" hostname="DESKTOP-AA4AD8I" name="com.project.MavenProject.DependencyTest2" tests="5" failures="0" timestamp="04 Jul 2019 03:33:46 GMT" time="0.027" errors="0">
  <testcase name="orange" time="0.018" classname="com.project.MavenProject.DependencyTest2"/>
  <testcase name="white" time="0.003" classname="com.project.MavenProject.DependencyTest2"/>
  <testcase name="green" time="0.003" classname="com.project.MavenProject.DependencyTest2"/>
  <testcase name="yellow" time="0.003" classname="com.project.MavenProject.DependencyTest2"/>
  <testcase name="blue" classname="com.project.MavenProject.DependencyTest2">
    <skipped/>
  </testcase> <!-- blue -->
</testsuite> <!-- com.project.MavenProject.DependencyTest2 -->
