<?xml version="1.0" encoding="UTF-8"?>
<!-- Generated by org.testng.reporters.JUnitReportReporter -->
<testsuite skipped="0" hostname="DESKTOP-AA4AD8I" name="com.project.MavenProject.TC_005" tests="1" failures="0" timestamp="08 Jul 2019 03:09:34 GMT" time="14.181" errors="0">
  <testcase name="amazon" time="14.181" classname="com.project.MavenProject.TC_005"/>
</testsuite> <!-- com.project.MavenProject.TC_005 -->
