<?xml version="1.0" encoding="UTF-8"?>
<!-- Generated by org.testng.reporters.JUnitReportReporter -->
<testsuite skipped="0" hostname="DESKTOP-AA4AD8I" name="com.project.MavenProject.Class1" tests="3" failures="0" timestamp="04 Jul 2019 03:11:06 GMT" time="0.071" errors="0">
  <testcase name="f" time="0.021" classname="com.project.MavenProject.Class1"/>
  <testcase name="g" time="0.024" classname="com.project.MavenProject.Class1"/>
  <testcase name="h" time="0.026" classname="com.project.MavenProject.Class1"/>
</testsuite> <!-- com.project.MavenProject.Class1 -->
