<?xml version="1.0" encoding="UTF-8"?>
<!-- Generated by org.testng.reporters.JUnitReportReporter -->
<testsuite skipped="0" hostname="DESKTOP-AA4AD8I" name="com.project.MavenProject.suiteA.TestA3" tests="1" failures="0" timestamp="05 Jul 2019 02:57:24 GMT" time="5.000" errors="0">
  <testcase name="testA3" time="5.000" classname="com.project.MavenProject.suiteA.TestA3"/>
</testsuite> <!-- com.project.MavenProject.suiteA.TestA3 -->
