<?xml version="1.0" encoding="UTF-8"?>
<!-- Generated by org.testng.reporters.JUnitReportReporter -->
<testsuite skipped="1" hostname="DESKTOP-AA4AD8I" name="com.project.MavenProject.framesandwindows.Frames1" tests="2" failures="0" timestamp="16 Jul 2019 03:05:36 GMT" time="10.625" errors="0">
  <testcase name="framesTest" time="10.625" classname="com.project.MavenProject.framesandwindows.Frames1"/>
  <testcase name="frameDemo" classname="com.project.MavenProject.framesandwindows.Frames1">
    <skipped/>
  </testcase> <!-- frameDemo -->
</testsuite> <!-- com.project.MavenProject.framesandwindows.Frames1 -->
