<?xml version="1.0" encoding="UTF-8"?>
<!-- Generated by org.testng.reporters.JUnitReportReporter -->
<testsuite skipped="0" hostname="DESKTOP-AA4AD8I" name="com.project.MavenProject.Class2" tests="1" failures="0" timestamp="04 Jul 2019 03:00:28 GMT" time="0.028" errors="0">
  <testcase name="f" time="0.028" classname="com.project.MavenProject.Class2"/>
</testsuite> <!-- com.project.MavenProject.Class2 -->
