<?xml version="1.0" encoding="UTF-8"?>
<!-- Generated by org.testng.reporters.JUnitReportReporter -->
<testsuite skipped="0" hostname="DESKTOP-AA4AD8I" name="com.project.MavenProject.pageobjectModel.PageObjectClass" tests="1" failures="0" timestamp="10 Jul 2019 03:02:19 GMT" time="16.559" errors="0">
  <testcase name="aumationPractice" time="16.559" classname="com.project.MavenProject.pageobjectModel.PageObjectClass"/>
</testsuite> <!-- com.project.MavenProject.pageobjectModel.PageObjectClass -->
