<?xml version="1.0" encoding="UTF-8"?>
<!-- Generated by org.testng.reporters.JUnitReportReporter -->
<testsuite skipped="0" hostname="DESKTOP-AA4AD8I" name="com.project.MavenProject.exceldata.TestA" tests="2" failures="0" timestamp="05 Aug 2019 03:01:14 GMT" time="0.018" errors="0">
  <testcase name="testA" time="0.002" classname="com.project.MavenProject.exceldata.TestA"/>
  <testcase name="testA" time="0.016" classname="com.project.MavenProject.exceldata.TestA"/>
</testsuite> <!-- com.project.MavenProject.exceldata.TestA -->
