<?xml version="1.0" encoding="UTF-8"?>
<!-- Generated by org.testng.reporters.JUnitReportReporter -->
<testsuite skipped="0" hostname="DESKTOP-AA4AD8I" name="com.project.MavenProject.framesandwindows.FrameSwitchDemo" tests="1" failures="0" timestamp="16 Jul 2019 03:12:07 GMT" time="10.061" errors="0">
  <testcase name="frameDemo" time="10.061" classname="com.project.MavenProject.framesandwindows.FrameSwitchDemo"/>
</testsuite> <!-- com.project.MavenProject.framesandwindows.FrameSwitchDemo -->
