<?xml version="1.0" encoding="UTF-8"?>
<!-- Generated by org.testng.reporters.JUnitReportReporter -->
<testsuite skipped="0" hostname="DESKTOP-AA4AD8I" name="com.project.MavenProject.suiteA.TestA2" tests="1" failures="0" timestamp="05 Jul 2019 02:57:24 GMT" time="5.002" errors="0">
  <testcase name="testA2" time="5.002" classname="com.project.MavenProject.suiteA.TestA2"/>
</testsuite> <!-- com.project.MavenProject.suiteA.TestA2 -->
