<?xml version="1.0" encoding="UTF-8"?>
<!-- Generated by org.testng.reporters.JUnitReportReporter -->
<testsuite skipped="4" hostname="DESKTOP-AA4AD8I" name="com.project.MavenProject.DependencyTest" tests="5" failures="0" timestamp="04 Jul 2019 03:30:03 GMT" time="0.026" errors="0">
  <testcase name="orange" time="0.023" classname="com.project.MavenProject.DependencyTest"/>
  <testcase name="blue" time="0.003" classname="com.project.MavenProject.DependencyTest">
    <skipped/>
  </testcase> <!-- blue -->
  <testcase name="white" time="0.000" classname="com.project.MavenProject.DependencyTest">
    <skipped/>
  </testcase> <!-- white -->
  <testcase name="yellow" time="0.000" classname="com.project.MavenProject.DependencyTest">
    <skipped/>
  </testcase> <!-- yellow -->
  <testcase name="green" time="0.000" classname="com.project.MavenProject.DependencyTest">
    <skipped/>
  </testcase> <!-- green -->
</testsuite> <!-- com.project.MavenProject.DependencyTest -->
