<?xml version="1.0" encoding="UTF-8"?>
<!-- Generated by org.testng.reporters.JUnitReportReporter -->
<testsuite skipped="0" hostname="DESKTOP-AA4AD8I" name="com.project.MavenProject.webTables.WebTables" tests="1" failures="0" timestamp="23 Jul 2019 03:30:05 GMT" time="127.618" errors="0">
  <testcase name="dynamicTable" time="127.618" classname="com.project.MavenProject.webTables.WebTables"/>
</testsuite> <!-- com.project.MavenProject.webTables.WebTables -->
