<?xml version="1.0" encoding="UTF-8"?>
<!-- Generated by org.testng.reporters.JUnitReportReporter -->
<testsuite skipped="0" hostname="DESKTOP-AA4AD8I" name="com.project.MavenProject.TC_002" tests="1" failures="0" timestamp="01 Jul 2019 02:52:50 GMT" time="0.005" errors="0">
  <testcase name="m1" time="0.005" classname="com.project.MavenProject.TC_002"/>
</testsuite> <!-- com.project.MavenProject.TC_002 -->
